This is pdfTeX, Version 3.141592653-2.6-1.40.29 (TeX Live 2026) (preloaded format=pdflatex 2026.3.8)  26 MAY 2026 18:16
entering extended mode
 restricted \write18 enabled.
 %&-line parsing enabled.
**apresentacao_casamento_infantil.tex
(./apresentacao_casamento_infantil.tex
LaTeX2e <2025-11-01>
L3 programming layer <2026-01-19>
(c:/Users/mavtc/AppData/Roaming/TinyTeX/texmf-dist/tex/latex/beamer/beamer.cls
Document Class: beamer 2026/01/22 v3.77 A class for typesetting presentations
(c:/Users/mavtc/AppData/Roaming/TinyTeX/texmf-dist/tex/latex/beamer/beamerbasemodes.sty (c:/Users/mavtc/AppData/Roaming/TinyTeX/texmf-dist/tex/latex/etoolbox/etoolbox.sty
Package: etoolbox 2025/10/02 v2.5m e-TeX tools for LaTeX (JAW)
\etb@tempcnta=\count275
)
\beamer@tempbox=\box53
\beamer@tempcount=\count276
\c@beamerpauses=\count277
 (c:/Users/mavtc/AppData/Roaming/TinyTeX/texmf-dist/tex/latex/beamer/beamerbasedecode.sty
\beamer@slideinframe=\count278
\beamer@minimum=\count279
\beamer@decode@box=\box54
)
\beamer@commentbox=\box55
\beamer@modecount=\count280
) (c:/Users/mavtc/AppData/Roaming/TinyTeX/texmf-dist/tex/generic/iftex/iftex.sty
Package: iftex 2024/12/12 v1.0g TeX engine tests
)
\headdp=\dimen148
\footheight=\dimen149
\sidebarheight=\dimen150
\beamer@tempdim=\dimen151
\beamer@finalheight=\dimen152
\beamer@animht=\dimen153
\beamer@animdp=\dimen154
\beamer@animwd=\dimen155
\beamer@leftmargin=\dimen156
\beamer@rightmargin=\dimen157
\beamer@leftsidebar=\dimen158
\beamer@rightsidebar=\dimen159
\beamer@boxsize=\dimen160
\beamer@vboxoffset=\dimen161
\beamer@descdefault=\dimen162
\beamer@descriptionwidth=\dimen163
\beamer@lastskip=\skip49
\beamer@areabox=\box56
\beamer@animcurrent=\box57
\beamer@animshowbox=\box58
\beamer@sectionbox=\box59
\beamer@logobox=\box60
\beamer@linebox=\box61
\beamer@sectioncount=\count281
\beamer@subsubsectionmax=\count282
\beamer@subsectionmax=\count283
\beamer@sectionmax=\count284
\beamer@totalheads=\count285
\beamer@headcounter=\count286
\beamer@partstartpage=\count287
\beamer@sectionstartpage=\count288
\beamer@subsectionstartpage=\count289
\beamer@animationtempa=\count290
\beamer@animationtempb=\count291
\beamer@xpos=\count292
\beamer@ypos=\count293
\beamer@ypos@offset=\count294
\beamer@showpartnumber=\count295
\beamer@currentsubsection=\count296
\beamer@coveringdepth=\count297
\beamer@sectionadjust=\count298
\beamer@toclastsection=\count299
\beamer@tocsectionnumber=\count300
 (c:/Users/mavtc/AppData/Roaming/TinyTeX/texmf-dist/tex/latex/beamer/beamerbaseoptions.sty (c:/Users/mavtc/AppData/Roaming/TinyTeX/texmf-dist/tex/latex/graphics/keyval.sty
Package: keyval 2022/05/29 v1.15 key=value parser (DPC)
\KV@toks@=\toks17
))
\beamer@paperwidth=\skip50
\beamer@paperheight=\skip51
 (c:/Users/mavtc/AppData/Roaming/TinyTeX/texmf-dist/tex/latex/geometry/geometry.sty
Package: geometry 2020/01/02 v5.9 Page Geometry
 (c:/Users/mavtc/AppData/Roaming/TinyTeX/texmf-dist/tex/generic/iftex/ifvtex.sty
Package: ifvtex 2019/10/25 v1.7 ifvtex legacy package. Use iftex instead.
)
\Gm@cnth=\count301
\Gm@cntv=\count302
\c@Gm@tempcnt=\count303
\Gm@bindingoffset=\dimen164
\Gm@wd@mp=\dimen165
\Gm@odd@mp=\dimen166
\Gm@even@mp=\dimen167
\Gm@layoutwidth=\dimen168
\Gm@layoutheight=\dimen169
\Gm@layouthoffset=\dimen170
\Gm@layoutvoffset=\dimen171
\Gm@dimlist=\toks18
) (c:/Users/mavtc/AppData/Roaming/TinyTeX/texmf-dist/tex/latex/pgf/math/pgfmath.sty (c:/Users/mavtc/AppData/Roaming/TinyTeX/texmf-dist/tex/latex/pgf/utilities/pgfrcs.sty (c:/Users/mavtc/AppData/Roaming/TinyTeX/texmf-dist/tex/generic/pgf/utilities/pgfutil-common.tex
\pgfutil@everybye=\toks19
\pgfutil@tempdima=\dimen172
\pgfutil@tempdimb=\dimen173
) (c:/Users/mavtc/AppData/Roaming/TinyTeX/texmf-dist/tex/generic/pgf/utilities/pgfutil-latex.def
\pgfutil@abb=\box62
) (c:/Users/mavtc/AppData/Roaming/TinyTeX/texmf-dist/tex/generic/pgf/utilities/pgfrcs.code.tex (c:/Users/mavtc/AppData/Roaming/TinyTeX/texmf-dist/tex/generic/pgf/pgf.revision.tex)
Package: pgfrcs 2025-08-29 v3.1.11a (3.1.11a)
)) (c:/Users/mavtc/AppData/Roaming/TinyTeX/texmf-dist/tex/latex/pgf/utilities/pgfkeys.sty (c:/Users/mavtc/AppData/Roaming/TinyTeX/texmf-dist/tex/generic/pgf/utilities/pgfkeys.code.tex
\pgfkeys@pathtoks=\toks20
\pgfkeys@temptoks=\toks21
 (c:/Users/mavtc/AppData/Roaming/TinyTeX/texmf-dist/tex/generic/pgf/utilities/pgfkeyslibraryfiltered.code.tex
\pgfkeys@tmptoks=\toks22
))) (c:/Users/mavtc/AppData/Roaming/TinyTeX/texmf-dist/tex/generic/pgf/math/pgfmath.code.tex (c:/Users/mavtc/AppData/Roaming/TinyTeX/texmf-dist/tex/generic/pgf/math/pgfmathutil.code.tex
\pgf@x=\dimen174
\pgf@xa=\dimen175
\pgf@xb=\dimen176
\pgf@xc=\dimen177
\pgf@y=\dimen178
\pgf@ya=\dimen179
\pgf@yb=\dimen180
\pgf@yc=\dimen181
\c@pgf@counta=\count304
\c@pgf@countb=\count305
\c@pgf@countc=\count306
\c@pgf@countd=\count307
) (c:/Users/mavtc/AppData/Roaming/TinyTeX/texmf-dist/tex/generic/pgf/math/pgfmathparser.code.tex
\pgfmath@dimen=\dimen182
\pgfmath@count=\count308
\pgfmath@box=\box63
\pgfmath@toks=\toks23
\pgfmath@stack@operand=\toks24
\pgfmath@stack@operation=\toks25
) (c:/Users/mavtc/AppData/Roaming/TinyTeX/texmf-dist/tex/generic/pgf/math/pgfmathfunctions.code.tex) (c:/Users/mavtc/AppData/Roaming/TinyTeX/texmf-dist/tex/generic/pgf/math/pgfmathfunctions.basic.code.tex) (c:/Users/mavtc/AppData/Roaming/TinyTeX/texmf-dist/tex/generic/pgf/math/pgfmathfunctions.trigonometric.code.tex) (c:/Users/mavtc/AppData/Roaming/TinyTeX/texmf-dist/tex/generic/pgf/math/pgfmathfunctions.random.code.tex) (c:/Users/mavtc/AppData/Roaming/TinyTeX/texmf-dist/tex/generic/pgf/math/pgfmathfunctions.comparison.code.tex) (c:/Users/mavtc/AppData/Roaming/TinyTeX/texmf-dist/tex/generic/pgf/math/pgfmathfunctions.base.code.tex) (c:/Users/mavtc/AppData/Roaming/TinyTeX/texmf-dist/tex/generic/pgf/math/pgfmathfunctions.round.code.tex) (c:/Users/mavtc/AppData/Roaming/TinyTeX/texmf-dist/tex/generic/pgf/math/pgfmathfunctions.misc.code.tex) (c:/Users/mavtc/AppData/Roaming/TinyTeX/texmf-dist/tex/generic/pgf/math/pgfmathfunctions.integerarithmetics.code.tex) (c:/Users/mavtc/AppData/Roaming/TinyTeX/texmf-dist/tex/generic/pgf/math/pgfmathcalc.code.tex) (c:/Users/mavtc/AppData/Roaming/TinyTeX/texmf-dist/tex/generic/pgf/math/pgfmathfloat.code.tex
\c@pgfmathroundto@lastzeros=\count309
))) (c:/Users/mavtc/AppData/Roaming/TinyTeX/texmf-dist/tex/latex/base/size10.clo
File: size10.clo 2025/01/22 v1.4n Standard LaTeX file (size option)
) (c:/Users/mavtc/AppData/Roaming/TinyTeX/texmf-dist/tex/latex/pgf/basiclayer/pgfcore.sty (c:/Users/mavtc/AppData/Roaming/TinyTeX/texmf-dist/tex/latex/graphics/graphicx.sty
Package: graphicx 2024/12/31 v1.2e Enhanced LaTeX Graphics (DPC,SPQR)
 (c:/Users/mavtc/AppData/Roaming/TinyTeX/texmf-dist/tex/latex/graphics/graphics.sty
Package: graphics 2024/08/06 v1.4g Standard LaTeX Graphics (DPC,SPQR)
 (c:/Users/mavtc/AppData/Roaming/TinyTeX/texmf-dist/tex/latex/graphics/trig.sty
Package: trig 2023/12/02 v1.11 sin cos tan (DPC)
) (c:/Users/mavtc/AppData/Roaming/TinyTeX/texmf-dist/tex/latex/graphics-cfg/graphics.cfg
File: graphics.cfg 2016/06/04 v1.11 sample graphics configuration
)
Package graphics Info: Driver file: pdftex.def on input line 106.
 (c:/Users/mavtc/AppData/Roaming/TinyTeX/texmf-dist/tex/latex/graphics-def/pdftex.def
File: pdftex.def 2025/09/29 v1.2d Graphics/color driver for pdftex
))
\Gin@req@height=\dimen183
\Gin@req@width=\dimen184
) (c:/Users/mavtc/AppData/Roaming/TinyTeX/texmf-dist/tex/latex/pgf/systemlayer/pgfsys.sty (c:/Users/mavtc/AppData/Roaming/TinyTeX/texmf-dist/tex/generic/pgf/systemlayer/pgfsys.code.tex
Package: pgfsys 2025-08-29 v3.1.11a (3.1.11a)
\pgf@x=\dimen185
\pgf@y=\dimen186
\pgf@xa=\dimen187
\pgf@ya=\dimen188
\pgf@xb=\dimen189
\pgf@yb=\dimen190
\pgf@xc=\dimen191
\pgf@yc=\dimen192
\pgf@xd=\dimen193
\pgf@yd=\dimen194
\w@pgf@writea=\write3
\r@pgf@reada=\read2
\c@pgf@counta=\count310
\c@pgf@countb=\count311
\c@pgf@countc=\count312
\c@pgf@countd=\count313
\t@pgf@toka=\toks26
\t@pgf@tokb=\toks27
\t@pgf@tokc=\toks28
\pgf@sys@id@count=\count314
 (c:/Users/mavtc/AppData/Roaming/TinyTeX/texmf-dist/tex/generic/pgf/systemlayer/pgf.cfg
File: pgf.cfg 2025-08-29 v3.1.11a (3.1.11a)
)
Driver file for pgf: pgfsys-pdftex.def
 (c:/Users/mavtc/AppData/Roaming/TinyTeX/texmf-dist/tex/generic/pgf/systemlayer/pgfsys-pdftex.def
File: pgfsys-pdftex.def 2025-08-29 v3.1.11a (3.1.11a)
 (c:/Users/mavtc/AppData/Roaming/TinyTeX/texmf-dist/tex/generic/pgf/systemlayer/pgfsys-common-pdf.def
File: pgfsys-common-pdf.def 2025-08-29 v3.1.11a (3.1.11a)
))) (c:/Users/mavtc/AppData/Roaming/TinyTeX/texmf-dist/tex/generic/pgf/systemlayer/pgfsyssoftpath.code.tex
File: pgfsyssoftpath.code.tex 2025-08-29 v3.1.11a (3.1.11a)
\pgfsyssoftpath@smallbuffer@items=\count315
\pgfsyssoftpath@bigbuffer@items=\count316
) (c:/Users/mavtc/AppData/Roaming/TinyTeX/texmf-dist/tex/generic/pgf/systemlayer/pgfsysprotocol.code.tex
File: pgfsysprotocol.code.tex 2025-08-29 v3.1.11a (3.1.11a)
)) (c:/Users/mavtc/AppData/Roaming/TinyTeX/texmf-dist/tex/latex/xcolor/xcolor.sty
Package: xcolor 2024/09/29 v3.02 LaTeX color extensions (UK)
 (c:/Users/mavtc/AppData/Roaming/TinyTeX/texmf-dist/tex/latex/graphics-cfg/color.cfg
File: color.cfg 2016/01/02 v1.6 sample color configuration
)
Package xcolor Info: Driver file: pdftex.def on input line 274.
 (c:/Users/mavtc/AppData/Roaming/TinyTeX/texmf-dist/tex/latex/graphics/mathcolor.ltx)
Package xcolor Info: Model `cmy' substituted by `cmy0' on input line 1349.
Package xcolor Info: Model `hsb' substituted by `rgb' on input line 1353.
Package xcolor Info: Model `RGB' extended on input line 1365.
Package xcolor Info: Model `HTML' substituted by `rgb' on input line 1367.
Package xcolor Info: Model `Hsb' substituted by `hsb' on input line 1368.
Package xcolor Info: Model `tHsb' substituted by `hsb' on input line 1369.
Package xcolor Info: Model `HSB' substituted by `hsb' on input line 1370.
Package xcolor Info: Model `Gray' substituted by `gray' on input line 1371.
Package xcolor Info: Model `wave' substituted by `hsb' on input line 1372.
) (c:/Users/mavtc/AppData/Roaming/TinyTeX/texmf-dist/tex/generic/pgf/basiclayer/pgfcore.code.tex
Package: pgfcore 2025-08-29 v3.1.11a (3.1.11a)
 (c:/Users/mavtc/AppData/Roaming/TinyTeX/texmf-dist/tex/generic/pgf/math/pgfint.code.tex) (c:/Users/mavtc/AppData/Roaming/TinyTeX/texmf-dist/tex/generic/pgf/basiclayer/pgfcorepoints.code.tex
File: pgfcorepoints.code.tex 2025-08-29 v3.1.11a (3.1.11a)
\pgf@picminx=\dimen195
\pgf@picmaxx=\dimen196
\pgf@picminy=\dimen197
\pgf@picmaxy=\dimen198
\pgf@pathminx=\dimen199
\pgf@pathmaxx=\dimen256
\pgf@pathminy=\dimen257
\pgf@pathmaxy=\dimen258
\pgf@xx=\dimen259
\pgf@xy=\dimen260
\pgf@yx=\dimen261
\pgf@yy=\dimen262
\pgf@zx=\dimen263
\pgf@zy=\dimen264
) (c:/Users/mavtc/AppData/Roaming/TinyTeX/texmf-dist/tex/generic/pgf/basiclayer/pgfcorepathconstruct.code.tex
File: pgfcorepathconstruct.code.tex 2025-08-29 v3.1.11a (3.1.11a)
\pgf@path@lastx=\dimen265
\pgf@path@lasty=\dimen266
) (c:/Users/mavtc/AppData/Roaming/TinyTeX/texmf-dist/tex/generic/pgf/basiclayer/pgfcorepathusage.code.tex
File: pgfcorepathusage.code.tex 2025-08-29 v3.1.11a (3.1.11a)
\pgf@shorten@end@additional=\dimen267
\pgf@shorten@start@additional=\dimen268
) (c:/Users/mavtc/AppData/Roaming/TinyTeX/texmf-dist/tex/generic/pgf/basiclayer/pgfcorescopes.code.tex
File: pgfcorescopes.code.tex 2025-08-29 v3.1.11a (3.1.11a)
\pgfpic=\box64
\pgf@hbox=\box65
\pgf@layerbox@main=\box66
\pgf@picture@serial@count=\count317
) (c:/Users/mavtc/AppData/Roaming/TinyTeX/texmf-dist/tex/generic/pgf/basiclayer/pgfcoregraphicstate.code.tex
File: pgfcoregraphicstate.code.tex 2025-08-29 v3.1.11a (3.1.11a)
\pgflinewidth=\dimen269
) (c:/Users/mavtc/AppData/Roaming/TinyTeX/texmf-dist/tex/generic/pgf/basiclayer/pgfcoretransformations.code.tex
File: pgfcoretransformations.code.tex 2025-08-29 v3.1.11a (3.1.11a)
\pgf@pt@x=\dimen270
\pgf@pt@y=\dimen271
\pgf@pt@temp=\dimen272
) (c:/Users/mavtc/AppData/Roaming/TinyTeX/texmf-dist/tex/generic/pgf/basiclayer/pgfcorequick.code.tex
File: pgfcorequick.code.tex 2025-08-29 v3.1.11a (3.1.11a)
) (c:/Users/mavtc/AppData/Roaming/TinyTeX/texmf-dist/tex/generic/pgf/basiclayer/pgfcoreobjects.code.tex
File: pgfcoreobjects.code.tex 2025-08-29 v3.1.11a (3.1.11a)
) (c:/Users/mavtc/AppData/Roaming/TinyTeX/texmf-dist/tex/generic/pgf/basiclayer/pgfcorepathprocessing.code.tex
File: pgfcorepathprocessing.code.tex 2025-08-29 v3.1.11a (3.1.11a)
) (c:/Users/mavtc/AppData/Roaming/TinyTeX/texmf-dist/tex/generic/pgf/basiclayer/pgfcorearrows.code.tex
File: pgfcorearrows.code.tex 2025-08-29 v3.1.11a (3.1.11a)
\pgfarrowsep=\dimen273
) (c:/Users/mavtc/AppData/Roaming/TinyTeX/texmf-dist/tex/generic/pgf/basiclayer/pgfcoreshade.code.tex
File: pgfcoreshade.code.tex 2025-08-29 v3.1.11a (3.1.11a)
\pgf@max=\dimen274
\pgf@sys@shading@range@num=\count318
\pgf@shadingcount=\count319
) (c:/Users/mavtc/AppData/Roaming/TinyTeX/texmf-dist/tex/generic/pgf/basiclayer/pgfcoreimage.code.tex
File: pgfcoreimage.code.tex 2025-08-29 v3.1.11a (3.1.11a)
) (c:/Users/mavtc/AppData/Roaming/TinyTeX/texmf-dist/tex/generic/pgf/basiclayer/pgfcoreexternal.code.tex
File: pgfcoreexternal.code.tex 2025-08-29 v3.1.11a (3.1.11a)
\pgfexternal@startupbox=\box67
) (c:/Users/mavtc/AppData/Roaming/TinyTeX/texmf-dist/tex/generic/pgf/basiclayer/pgfcorelayers.code.tex
File: pgfcorelayers.code.tex 2025-08-29 v3.1.11a (3.1.11a)
) (c:/Users/mavtc/AppData/Roaming/TinyTeX/texmf-dist/tex/generic/pgf/basiclayer/pgfcoretransparency.code.tex
File: pgfcoretransparency.code.tex 2025-08-29 v3.1.11a (3.1.11a)
) (c:/Users/mavtc/AppData/Roaming/TinyTeX/texmf-dist/tex/generic/pgf/basiclayer/pgfcorepatterns.code.tex
File: pgfcorepatterns.code.tex 2025-08-29 v3.1.11a (3.1.11a)
) (c:/Users/mavtc/AppData/Roaming/TinyTeX/texmf-dist/tex/generic/pgf/basiclayer/pgfcorerdf.code.tex
File: pgfcorerdf.code.tex 2025-08-29 v3.1.11a (3.1.11a)
))) (c:/Users/mavtc/AppData/Roaming/TinyTeX/texmf-dist/tex/latex/pgf/utilities/xxcolor.sty
Package: xxcolor 2003/10/24 ver 0.1
\XC@nummixins=\count320
\XC@countmixins=\count321
) (c:/Users/mavtc/AppData/Roaming/TinyTeX/texmf-dist/tex/latex/base/atbegshi-ltx.sty
Package: atbegshi-ltx 2021/01/10 v1.0c Emulation of the original atbegshi
package with kernel methods
) (c:/Users/mavtc/AppData/Roaming/TinyTeX/texmf-dist/tex/latex/hyperref/hyperref.sty
Package: hyperref 2026-01-29 v7.01p Hypertext links for LaTeX
 (c:/Users/mavtc/AppData/Roaming/TinyTeX/texmf-dist/tex/latex/kvsetkeys/kvsetkeys.sty
Package: kvsetkeys 2022-10-05 v1.19 Key value parser (HO)
) (c:/Users/mavtc/AppData/Roaming/TinyTeX/texmf-dist/tex/generic/kvdefinekeys/kvdefinekeys.sty
Package: kvdefinekeys 2019-12-19 v1.6 Define keys (HO)
) (c:/Users/mavtc/AppData/Roaming/TinyTeX/texmf-dist/tex/generic/pdfescape/pdfescape.sty
Package: pdfescape 2019/12/09 v1.15 Implements pdfTeX's escape features (HO)
 (c:/Users/mavtc/AppData/Roaming/TinyTeX/texmf-dist/tex/generic/ltxcmds/ltxcmds.sty
Package: ltxcmds 2023-12-04 v1.26 LaTeX kernel commands for general use (HO)
) (c:/Users/mavtc/AppData/Roaming/TinyTeX/texmf-dist/tex/generic/pdftexcmds/pdftexcmds.sty
Package: pdftexcmds 2020-06-27 v0.33 Utility functions of pdfTeX for LuaTeX (HO)
 (c:/Users/mavtc/AppData/Roaming/TinyTeX/texmf-dist/tex/generic/infwarerr/infwarerr.sty
Package: infwarerr 2019/12/03 v1.5 Providing info/warning/error messages (HO)
)
Package pdftexcmds Info: \pdf@primitive is available.
Package pdftexcmds Info: \pdf@ifprimitive is available.
Package pdftexcmds Info: \pdfdraftmode found.
)) (c:/Users/mavtc/AppData/Roaming/TinyTeX/texmf-dist/tex/latex/hycolor/hycolor.sty
Package: hycolor 2020-01-27 v1.10 Color options for hyperref/bookmark (HO)
) (c:/Users/mavtc/AppData/Roaming/TinyTeX/texmf-dist/tex/latex/hyperref/nameref.sty
Package: nameref 2026-01-29 v2.58 Cross-referencing by name of section
 (c:/Users/mavtc/AppData/Roaming/TinyTeX/texmf-dist/tex/latex/refcount/refcount.sty
Package: refcount 2019/12/15 v3.6 Data extraction from label references (HO)
) (c:/Users/mavtc/AppData/Roaming/TinyTeX/texmf-dist/tex/generic/gettitlestring/gettitlestring.sty
Package: gettitlestring 2019/12/15 v1.6 Cleanup title references (HO)
 (c:/Users/mavtc/AppData/Roaming/TinyTeX/texmf-dist/tex/latex/kvoptions/kvoptions.sty
Package: kvoptions 2022-06-15 v3.15 Key value format for package options (HO)
))
\c@section@level=\count322
) (c:/Users/mavtc/AppData/Roaming/TinyTeX/texmf-dist/tex/generic/stringenc/stringenc.sty
Package: stringenc 2019/11/29 v1.12 Convert strings between diff. encodings (HO)
)
\@linkdim=\dimen275
\Hy@linkcounter=\count323
\Hy@pagecounter=\count324
 (c:/Users/mavtc/AppData/Roaming/TinyTeX/texmf-dist/tex/latex/hyperref/pd1enc.def
File: pd1enc.def 2026-01-29 v7.01p Hyperref: PDFDocEncoding definition (HO)
Now handling font encoding PD1 ...
... no UTF-8 mapping file for font encoding PD1
) (c:/Users/mavtc/AppData/Roaming/TinyTeX/texmf-dist/tex/generic/intcalc/intcalc.sty
Package: intcalc 2019/12/15 v1.3 Expandable calculations with integers (HO)
)
\Hy@SavedSpaceFactor=\count325
 (c:/Users/mavtc/AppData/Roaming/TinyTeX/texmf-dist/tex/latex/hyperref/puenc.def
File: puenc.def 2026-01-29 v7.01p Hyperref: PDF Unicode definition (HO)
Now handling font encoding PU ...
... no UTF-8 mapping file for font encoding PU
)
Package hyperref Info: Option `bookmarks' set `true' on input line 4072.
Package hyperref Info: Option `bookmarksopen' set `true' on input line 4072.
Package hyperref Info: Option `implicit' set `false' on input line 4072.
Package hyperref Info: Hyper figures OFF on input line 4201.
Package hyperref Info: Link nesting OFF on input line 4206.
Package hyperref Info: Hyper index ON on input line 4209.
Package hyperref Info: Plain pages OFF on input line 4216.
Package hyperref Info: Backreferencing OFF on input line 4221.
Package hyperref Info: Implicit mode OFF; no redefinition of LaTeX internals.
Package hyperref Info: Bookmarks ON on input line 4468.
\c@Hy@tempcnt=\count326
 (c:/Users/mavtc/AppData/Roaming/TinyTeX/texmf-dist/tex/latex/url/url.sty
\Urlmuskip=\muskip17
Package: url 2013/09/16  ver 3.4  Verb mode for urls, etc.
)
LaTeX Info: Redefining \url on input line 4807.
\XeTeXLinkMargin=\dimen276
 (c:/Users/mavtc/AppData/Roaming/TinyTeX/texmf-dist/tex/generic/bitset/bitset.sty
Package: bitset 2019/12/09 v1.3 Handle bit-vector datatype (HO)
 (c:/Users/mavtc/AppData/Roaming/TinyTeX/texmf-dist/tex/generic/bigintcalc/bigintcalc.sty
Package: bigintcalc 2019/12/15 v1.5 Expandable calculations on big integers (HO)
))
\Fld@menulength=\count327
\Field@Width=\dimen277
\Fld@charsize=\dimen278
Package hyperref Info: Hyper figures OFF on input line 6084.
Package hyperref Info: Link nesting OFF on input line 6089.
Package hyperref Info: Hyper index ON on input line 6092.
Package hyperref Info: backreferencing OFF on input line 6099.
Package hyperref Info: Link coloring OFF on input line 6104.
Package hyperref Info: Link coloring with OCG OFF on input line 6109.
Package hyperref Info: PDF/A mode OFF on input line 6114.
\Hy@abspage=\count328


Package hyperref Message: Stopped early.

)
Package hyperref Info: Driver (autodetected): hpdftex.
 (c:/Users/mavtc/AppData/Roaming/TinyTeX/texmf-dist/tex/latex/hyperref/hpdftex.def
File: hpdftex.def 2026-01-29 v7.01p Hyperref driver for pdfTeX
\Fld@listcount=\count329
\c@bookmark@seq@number=\count330
 (c:/Users/mavtc/AppData/Roaming/TinyTeX/texmf-dist/tex/latex/rerunfilecheck/rerunfilecheck.sty
Package: rerunfilecheck 2025-06-21 v1.11 Rerun checks for auxiliary files (HO)
 (c:/Users/mavtc/AppData/Roaming/TinyTeX/texmf-dist/tex/generic/uniquecounter/uniquecounter.sty
Package: uniquecounter 2019/12/15 v1.4 Provide unlimited unique counter (HO)
)
Package uniquecounter Info: New unique counter `rerunfilecheck' on input line 284.
)) (c:/Users/mavtc/AppData/Roaming/TinyTeX/texmf-dist/tex/latex/beamer/beamerbaserequires.sty (c:/Users/mavtc/AppData/Roaming/TinyTeX/texmf-dist/tex/latex/beamer/beamerbasecompatibility.sty) (c:/Users/mavtc/AppData/Roaming/TinyTeX/texmf-dist/tex/latex/beamer/beamerbasefont.sty (c:/Users/mavtc/AppData/Roaming/TinyTeX/texmf-dist/tex/latex/amsfonts/amssymb.sty
Package: amssymb 2013/01/14 v3.01 AMS font symbols
 (c:/Users/mavtc/AppData/Roaming/TinyTeX/texmf-dist/tex/latex/amsfonts/amsfonts.sty
Package: amsfonts 2013/01/14 v3.01 Basic AMSFonts support
\@emptytoks=\toks29
\symAMSa=\mathgroup4
\symAMSb=\mathgroup5
LaTeX Font Info:    Redeclaring math symbol \hbar on input line 98.
LaTeX Font Info:    Overwriting math alphabet `\mathfrak' in version `bold'
(Font)                  U/euf/m/n --> U/euf/b/n on input line 106.
))) (c:/Users/mavtc/AppData/Roaming/TinyTeX/texmf-dist/tex/latex/beamer/beamerbasetranslator.sty (c:/Users/mavtc/AppData/Roaming/TinyTeX/texmf-dist/tex/latex/translator/translator.sty
Package: translator 2021-05-31 v1.12d Easy translation of strings in LaTeX
)) (c:/Users/mavtc/AppData/Roaming/TinyTeX/texmf-dist/tex/latex/beamer/beamerbasemisc.sty) (c:/Users/mavtc/AppData/Roaming/TinyTeX/texmf-dist/tex/latex/beamer/beamerbasetwoscreens.sty) (c:/Users/mavtc/AppData/Roaming/TinyTeX/texmf-dist/tex/latex/beamer/beamerbaseoverlay.sty
\beamer@argscount=\count331
\beamer@lastskipcover=\skip52
\beamer@trivlistdepth=\count332
) (c:/Users/mavtc/AppData/Roaming/TinyTeX/texmf-dist/tex/latex/beamer/beamerbasetitle.sty) (c:/Users/mavtc/AppData/Roaming/TinyTeX/texmf-dist/tex/latex/beamer/beamerbasesection.sty
\c@lecture=\count333
\c@part=\count334
\c@section=\count335
\c@subsection=\count336
\c@subsubsection=\count337
) (c:/Users/mavtc/AppData/Roaming/TinyTeX/texmf-dist/tex/latex/beamer/beamerbaseframe.sty
\beamer@framebox=\box68
\beamer@frametitlebox=\box69
\beamer@zoombox=\box70
\beamer@zoomcount=\count338
\beamer@zoomframecount=\count339
\beamer@frametextheight=\dimen279
\c@subsectionslide=\count340
\beamer@frametopskip=\skip53
\beamer@framebottomskip=\skip54
\beamer@frametopskipautobreak=\skip55
\beamer@framebottomskipautobreak=\skip56
\beamer@envbody=\toks30
\framewidth=\dimen280
\c@framenumber=\count341
) (c:/Users/mavtc/AppData/Roaming/TinyTeX/texmf-dist/tex/latex/beamer/beamerbaseverbatim.sty
\beamer@verbatimfileout=\write4
) (c:/Users/mavtc/AppData/Roaming/TinyTeX/texmf-dist/tex/latex/beamer/beamerbaseframesize.sty
\beamer@splitbox=\box71
\beamer@autobreakcount=\count342
\beamer@autobreaklastheight=\dimen281
\beamer@frametitletoks=\toks31
\beamer@framesubtitletoks=\toks32
) (c:/Users/mavtc/AppData/Roaming/TinyTeX/texmf-dist/tex/latex/beamer/beamerbaseframecomponents.sty
\beamer@colheight=\skip57
\beamer@footins=\box72
) (c:/Users/mavtc/AppData/Roaming/TinyTeX/texmf-dist/tex/latex/beamer/beamerbasecolor.sty) (c:/Users/mavtc/AppData/Roaming/TinyTeX/texmf-dist/tex/latex/beamer/beamerbasenotes.sty
\beamer@frameboxcopy=\box73
) (c:/Users/mavtc/AppData/Roaming/TinyTeX/texmf-dist/tex/latex/beamer/beamerbasetoc.sty) (c:/Users/mavtc/AppData/Roaming/TinyTeX/texmf-dist/tex/latex/beamer/beamerbasetemplates.sty
\beamer@sbttoks=\toks33
 (c:/Users/mavtc/AppData/Roaming/TinyTeX/texmf-dist/tex/latex/beamer/beamerbaseauxtemplates.sty (c:/Users/mavtc/AppData/Roaming/TinyTeX/texmf-dist/tex/latex/beamer/beamerbaseboxes.sty
\bmb@box=\box74
\bmb@colorbox=\box75
\bmb@boxwidth=\dimen282
\bmb@boxheight=\dimen283
\bmb@prevheight=\dimen284
\bmb@temp=\dimen285
\bmb@dima=\dimen286
\bmb@dimb=\dimen287
\bmb@prevheight=\dimen288
)
\beamer@blockheadheight=\dimen289
)) (c:/Users/mavtc/AppData/Roaming/TinyTeX/texmf-dist/tex/latex/beamer/beamerbaselocalstructure.sty (c:/Users/mavtc/AppData/Roaming/TinyTeX/texmf-dist/tex/latex/tools/enumerate.sty
Package: enumerate 2023/07/04 v3.00 enumerate extensions (DPC)
\@enLab=\toks34
)
\beamer@bibiconwidth=\skip58
\c@figure=\count343
\c@table=\count344
\abovecaptionskip=\skip59
\belowcaptionskip=\skip60
) (c:/Users/mavtc/AppData/Roaming/TinyTeX/texmf-dist/tex/latex/beamer/beamerbasenavigation.sty (c:/Users/mavtc/AppData/Roaming/TinyTeX/texmf-dist/tex/latex/beamer/beamerbasenavigationsymbols.tex)
\beamer@section@min@dim=\dimen290
) (c:/Users/mavtc/AppData/Roaming/TinyTeX/texmf-dist/tex/latex/beamer/beamerbasetheorems.sty (c:/Users/mavtc/AppData/Roaming/TinyTeX/texmf-dist/tex/latex/amsmath/amsmath.sty
Package: amsmath 2025/07/09 v2.17z AMS math features
\@mathmargin=\skip61

For additional information on amsmath, use the `?' option.
(c:/Users/mavtc/AppData/Roaming/TinyTeX/texmf-dist/tex/latex/amsmath/amstext.sty
Package: amstext 2024/11/17 v2.01 AMS text
 (c:/Users/mavtc/AppData/Roaming/TinyTeX/texmf-dist/tex/latex/amsmath/amsgen.sty
File: amsgen.sty 1999/11/30 v2.0 generic functions
\@emptytoks=\toks35
\ex@=\dimen291
)) (c:/Users/mavtc/AppData/Roaming/TinyTeX/texmf-dist/tex/latex/amsmath/amsbsy.sty
Package: amsbsy 1999/11/29 v1.2d Bold Symbols
\pmbraise@=\dimen292
) (c:/Users/mavtc/AppData/Roaming/TinyTeX/texmf-dist/tex/latex/amsmath/amsopn.sty
Package: amsopn 2022/04/08 v2.04 operator names
)
\inf@bad=\count345
LaTeX Info: Redefining \frac on input line 233.
\uproot@=\count346
\leftroot@=\count347
LaTeX Info: Redefining \overline on input line 398.
LaTeX Info: Redefining \colon on input line 409.
\classnum@=\count348
\DOTSCASE@=\count349
LaTeX Info: Redefining \ldots on input line 495.
LaTeX Info: Redefining \dots on input line 498.
LaTeX Info: Redefining \cdots on input line 619.
\Mathstrutbox@=\box76
\strutbox@=\box77
LaTeX Info: Redefining \big on input line 721.
LaTeX Info: Redefining \Big on input line 722.
LaTeX Info: Redefining \bigg on input line 723.
LaTeX Info: Redefining \Bigg on input line 724.
\big@size=\dimen293
LaTeX Font Info:    Redeclaring font encoding OML on input line 742.
LaTeX Font Info:    Redeclaring font encoding OMS on input line 743.
\macc@depth=\count350
LaTeX Info: Redefining \bmod on input line 904.
LaTeX Info: Redefining \pmod on input line 909.
LaTeX Info: Redefining \smash on input line 939.
LaTeX Info: Redefining \relbar on input line 969.
LaTeX Info: Redefining \Relbar on input line 970.
\c@MaxMatrixCols=\count351
\dotsspace@=\muskip18
\c@parentequation=\count352
\dspbrk@lvl=\count353
\tag@help=\toks36
\row@=\count354
\column@=\count355
\maxfields@=\count356
\andhelp@=\toks37
\eqnshift@=\dimen294
\alignsep@=\dimen295
\tagshift@=\dimen296
\tagwidth@=\dimen297
\totwidth@=\dimen298
\lineht@=\dimen299
\@envbody=\toks38
\multlinegap=\skip62
\multlinetaggap=\skip63
\mathdisplay@stack=\toks39
LaTeX Info: Redefining \[ on input line 2950.
LaTeX Info: Redefining \] on input line 2951.
) (c:/Users/mavtc/AppData/Roaming/TinyTeX/texmf-dist/tex/latex/amscls/amsthm.sty
Package: amsthm 2020/05/29 v2.20.6
\thm@style=\toks40
\thm@bodyfont=\toks41
\thm@headfont=\toks42
\thm@notefont=\toks43
\thm@headpunct=\toks44
\thm@preskip=\skip64
\thm@postskip=\skip65
\thm@headsep=\skip66
\dth@everypar=\toks45
)
\c@theorem=\count357
) (c:/Users/mavtc/AppData/Roaming/TinyTeX/texmf-dist/tex/latex/beamer/beamerbasethemes.sty)) (c:/Users/mavtc/AppData/Roaming/TinyTeX/texmf-dist/tex/latex/beamer/beamerthemedefault.sty (c:/Users/mavtc/AppData/Roaming/TinyTeX/texmf-dist/tex/latex/beamer/beamerfontthemedefault.sty) (c:/Users/mavtc/AppData/Roaming/TinyTeX/texmf-dist/tex/latex/beamer/beamercolorthemedefault.sty) (c:/Users/mavtc/AppData/Roaming/TinyTeX/texmf-dist/tex/latex/beamer/beamerinnerthemedefault.sty
\beamer@dima=\dimen300
\beamer@dimb=\dimen301
) (c:/Users/mavtc/AppData/Roaming/TinyTeX/texmf-dist/tex/latex/beamer/beamerouterthemedefault.sty))) (c:/Users/mavtc/AppData/Roaming/TinyTeX/texmf-dist/tex/latex/beamer/beamerthemeMadrid.sty (c:/Users/mavtc/AppData/Roaming/TinyTeX/texmf-dist/tex/latex/beamer/beamercolorthemewhale.sty) (c:/Users/mavtc/AppData/Roaming/TinyTeX/texmf-dist/tex/latex/beamer/beamercolorthemeorchid.sty) (c:/Users/mavtc/AppData/Roaming/TinyTeX/texmf-dist/tex/latex/beamer/beamerinnerthemerounded.sty) (c:/Users/mavtc/AppData/Roaming/TinyTeX/texmf-dist/tex/latex/beamer/beamerouterthemeinfolines.sty)) (c:/Users/mavtc/AppData/Roaming/TinyTeX/texmf-dist/tex/latex/beamer/beamercolorthemeseahorse.sty) (c:/Users/mavtc/AppData/Roaming/TinyTeX/texmf-dist/tex/latex/beamer/beamerinnerthemerectangles.sty) (c:/Users/mavtc/AppData/Roaming/TinyTeX/texmf-dist/tex/latex/base/inputenc.sty
Package: inputenc 2024/02/08 v1.3d Input encoding file
\inpenc@prehook=\toks46
\inpenc@posthook=\toks47
) (c:/Users/mavtc/AppData/Roaming/TinyTeX/texmf-dist/tex/latex/base/fontenc.sty
Package: fontenc 2025/07/18 v2.1d Standard LaTeX package
) (c:/Users/mavtc/AppData/Roaming/TinyTeX/texmf-dist/tex/generic/babel/babel.sty
Package: babel 2026/02/14 v26.3 The multilingual framework for LuaLaTeX, pdfLaTeX and XeLaTeX
\babel@savecnt=\count358
LaTeX Encoding Info:    Redeclaring text command \ij (encoding OT1) on input line 2078.
LaTeX Encoding Info:    Redeclaring text command \IJ (encoding OT1) on input line 2080.
LaTeX Encoding Info:    Redeclaring text command \ij (encoding T1) on input line 2082.
LaTeX Encoding Info:    Redeclaring text command \IJ (encoding T1) on input line 2083.
LaTeX Encoding Info:    Ignoring declaration for text command \ij (encoding ?) on input line 2084.
LaTeX Encoding Info:    Ignoring declaration for text command \IJ (encoding ?) on input line 2086.
LaTeX Encoding Info:    Ignoring declaration for text command \SS (encoding ?) on input line 2111.
\U@D=\dimen302
\l@unhyphenated=\language6
 (c:/Users/mavtc/AppData/Roaming/TinyTeX/texmf-dist/tex/generic/babel/txtbabel.def)
\bbl@readstream=\read3
LaTeX Info: Redefining \textlatin on input line 3974.
\bbl@dirlevel=\count359
 (c:/Users/mavtc/AppData/Roaming/TinyTeX/texmf-dist/tex/generic/babel/locale/en/babel-english.tex)
Package babel Info: Importing font and identification data for english
(babel)             from babel-en.ini. Reported on input line 4330.
 (c:/Users/mavtc/AppData/Roaming/TinyTeX/texmf-dist/tex/generic/babel-english/english.ldf
Language: english 2017/06/06 v3.3r English support from the babel system
Package babel Info: Hyphen rules for 'canadian' set to \l@english
(babel)             (\language0). Reported on input line 102.
Package babel Info: Hyphen rules for 'australian' set to \l@ukenglish
(babel)             (\language3). Reported on input line 105.
Package babel Info: Hyphen rules for 'newzealand' set to \l@ukenglish
(babel)             (\language3). Reported on input line 108.
)) (c:/Users/mavtc/AppData/Roaming/TinyTeX/texmf-dist/tex/latex/booktabs/booktabs.sty
Package: booktabs 2020/01/12 v1.61803398 Publication quality tables
\heavyrulewidth=\dimen303
\lightrulewidth=\dimen304
\cmidrulewidth=\dimen305
\belowrulesep=\dimen306
\belowbottomsep=\dimen307
\aboverulesep=\dimen308
\abovetopsep=\dimen309
\cmidrulesep=\dimen310
\cmidrulekern=\dimen311
\defaultaddspace=\dimen312
\@cmidla=\count360
\@cmidlb=\count361
\@aboverulesep=\dimen313
\@belowrulesep=\dimen314
\@thisruleclass=\count362
\@lastruleclass=\count363
\@thisrulewidth=\dimen315
) (c:/Users/mavtc/AppData/Roaming/TinyTeX/texmf-dist/tex/latex/tools/array.sty
Package: array 2025/09/25 v2.6n Tabular extension package (FMi)
\col@sep=\dimen316
\ar@mcellbox=\box78
\extrarowheight=\dimen317
\NC@list=\toks48
\extratabsurround=\skip67
\backup@length=\skip68
\ar@cellbox=\box79
) (c:/Users/mavtc/AppData/Roaming/TinyTeX/texmf-dist/tex/latex/multirow/multirow.sty
Package: multirow 2024/11/12 v2.9 Span multiple rows of a table
\multirow@colwidth=\skip69
\multirow@cntb=\count364
\multirow@dima=\skip70
\bigstrutjot=\dimen318
) (c:/Users/mavtc/AppData/Roaming/TinyTeX/texmf-dist/tex/latex/pgf/frontendlayer/tikz.sty (c:/Users/mavtc/AppData/Roaming/TinyTeX/texmf-dist/tex/latex/pgf/basiclayer/pgf.sty
Package: pgf 2025-08-29 v3.1.11a (3.1.11a)
 (c:/Users/mavtc/AppData/Roaming/TinyTeX/texmf-dist/tex/generic/pgf/modules/pgfmoduleshapes.code.tex
File: pgfmoduleshapes.code.tex 2025-08-29 v3.1.11a (3.1.11a)
\pgfnodeparttextbox=\box80
) (c:/Users/mavtc/AppData/Roaming/TinyTeX/texmf-dist/tex/generic/pgf/modules/pgfmoduleplot.code.tex
File: pgfmoduleplot.code.tex 2025-08-29 v3.1.11a (3.1.11a)
) (c:/Users/mavtc/AppData/Roaming/TinyTeX/texmf-dist/tex/latex/pgf/compatibility/pgfcomp-version-0-65.sty
Package: pgfcomp-version-0-65 2025-08-29 v3.1.11a (3.1.11a)
\pgf@nodesepstart=\dimen319
\pgf@nodesepend=\dimen320
) (c:/Users/mavtc/AppData/Roaming/TinyTeX/texmf-dist/tex/latex/pgf/compatibility/pgfcomp-version-1-18.sty
Package: pgfcomp-version-1-18 2025-08-29 v3.1.11a (3.1.11a)
)) (c:/Users/mavtc/AppData/Roaming/TinyTeX/texmf-dist/tex/latex/pgf/utilities/pgffor.sty (c:/Users/mavtc/AppData/Roaming/TinyTeX/texmf-dist/tex/generic/pgf/utilities/pgffor.code.tex
Package: pgffor 2025-08-29 v3.1.11a (3.1.11a)
\pgffor@iter=\dimen321
\pgffor@skip=\dimen322
\pgffor@stack=\toks49
\pgffor@toks=\toks50
)) (c:/Users/mavtc/AppData/Roaming/TinyTeX/texmf-dist/tex/generic/pgf/frontendlayer/tikz/tikz.code.tex
Package: tikz 2025-08-29 v3.1.11a (3.1.11a)
 (c:/Users/mavtc/AppData/Roaming/TinyTeX/texmf-dist/tex/generic/pgf/libraries/pgflibraryplothandlers.code.tex
File: pgflibraryplothandlers.code.tex 2025-08-29 v3.1.11a (3.1.11a)
\pgf@plot@mark@count=\count365
\pgfplotmarksize=\dimen323
)
\tikz@lastx=\dimen324
\tikz@lasty=\dimen325
\tikz@lastxsaved=\dimen326
\tikz@lastysaved=\dimen327
\tikz@lastmovetox=\dimen328
\tikz@lastmovetoy=\dimen329
\tikzleveldistance=\dimen330
\tikzsiblingdistance=\dimen331
\tikz@figbox=\box81
\tikz@figbox@bg=\box82
\tikz@tempbox=\box83
\tikz@tempbox@bg=\box84
\tikztreelevel=\count366
\tikznumberofchildren=\count367
\tikznumberofcurrentchild=\count368
\tikz@fig@count=\count369
 (c:/Users/mavtc/AppData/Roaming/TinyTeX/texmf-dist/tex/generic/pgf/modules/pgfmodulematrix.code.tex
File: pgfmodulematrix.code.tex 2025-08-29 v3.1.11a (3.1.11a)
\pgfmatrixcurrentrow=\count370
\pgfmatrixcurrentcolumn=\count371
\pgf@matrix@numberofcolumns=\count372
)
\tikz@expandcount=\count373
 (c:/Users/mavtc/AppData/Roaming/TinyTeX/texmf-dist/tex/generic/pgf/frontendlayer/tikz/libraries/tikzlibrarytopaths.code.tex
File: tikzlibrarytopaths.code.tex 2025-08-29 v3.1.11a (3.1.11a)
))) (c:/Users/mavtc/AppData/Roaming/TinyTeX/texmf-dist/tex/generic/pgf/frontendlayer/tikz/libraries/tikzlibrarypositioning.code.tex
File: tikzlibrarypositioning.code.tex 2025-08-29 v3.1.11a (3.1.11a)
) (c:/Users/mavtc/AppData/Roaming/TinyTeX/texmf-dist/tex/generic/pgf/libraries/pgflibraryarrows.meta.code.tex
File: pgflibraryarrows.meta.code.tex 2025-08-29 v3.1.11a (3.1.11a)
\pgfarrowinset=\dimen332
\pgfarrowlength=\dimen333
\pgfarrowwidth=\dimen334
\pgfarrowlinewidth=\dimen335
) (c:/Users/mavtc/AppData/Roaming/TinyTeX/texmf-dist/tex/generic/pgf/frontendlayer/tikz/libraries/tikzlibraryshapes.code.tex
File: tikzlibraryshapes.code.tex 2025-08-29 v3.1.11a (3.1.11a)
 (c:/Users/mavtc/AppData/Roaming/TinyTeX/texmf-dist/tex/generic/pgf/frontendlayer/tikz/libraries/tikzlibraryshapes.geometric.code.tex
File: tikzlibraryshapes.geometric.code.tex 2025-08-29 v3.1.11a (3.1.11a)
 (c:/Users/mavtc/AppData/Roaming/TinyTeX/texmf-dist/tex/generic/pgf/libraries/shapes/pgflibraryshapes.geometric.code.tex
File: pgflibraryshapes.geometric.code.tex 2025-08-29 v3.1.11a (3.1.11a)
)) (c:/Users/mavtc/AppData/Roaming/TinyTeX/texmf-dist/tex/generic/pgf/frontendlayer/tikz/libraries/tikzlibraryshapes.misc.code.tex
File: tikzlibraryshapes.misc.code.tex 2025-08-29 v3.1.11a (3.1.11a)
 (c:/Users/mavtc/AppData/Roaming/TinyTeX/texmf-dist/tex/generic/pgf/libraries/shapes/pgflibraryshapes.misc.code.tex
File: pgflibraryshapes.misc.code.tex 2025-08-29 v3.1.11a (3.1.11a)
)) (c:/Users/mavtc/AppData/Roaming/TinyTeX/texmf-dist/tex/generic/pgf/frontendlayer/tikz/libraries/tikzlibraryshapes.symbols.code.tex
File: tikzlibraryshapes.symbols.code.tex 2025-08-29 v3.1.11a (3.1.11a)
 (c:/Users/mavtc/AppData/Roaming/TinyTeX/texmf-dist/tex/generic/pgf/libraries/shapes/pgflibraryshapes.symbols.code.tex
File: pgflibraryshapes.symbols.code.tex 2025-08-29 v3.1.11a (3.1.11a)
)) (c:/Users/mavtc/AppData/Roaming/TinyTeX/texmf-dist/tex/generic/pgf/frontendlayer/tikz/libraries/tikzlibraryshapes.arrows.code.tex
File: tikzlibraryshapes.arrows.code.tex 2025-08-29 v3.1.11a (3.1.11a)
 (c:/Users/mavtc/AppData/Roaming/TinyTeX/texmf-dist/tex/generic/pgf/libraries/shapes/pgflibraryshapes.arrows.code.tex
File: pgflibraryshapes.arrows.code.tex 2025-08-29 v3.1.11a (3.1.11a)
)) (c:/Users/mavtc/AppData/Roaming/TinyTeX/texmf-dist/tex/generic/pgf/frontendlayer/tikz/libraries/tikzlibraryshapes.callouts.code.tex (c:/Users/mavtc/AppData/Roaming/TinyTeX/texmf-dist/tex/generic/pgf/libraries/shapes/pgflibraryshapes.callouts.code.tex)) (c:/Users/mavtc/AppData/Roaming/TinyTeX/texmf-dist/tex/generic/pgf/frontendlayer/tikz/libraries/tikzlibraryshapes.multipart.code.tex
File: tikzlibraryshapes.multipart.code.tex 2025-08-29 v3.1.11a (3.1.11a)
 (c:/Users/mavtc/AppData/Roaming/TinyTeX/texmf-dist/tex/generic/pgf/libraries/shapes/pgflibraryshapes.multipart.code.tex
File: pgflibraryshapes.multipart.code.tex 2025-08-29 v3.1.11a (3.1.11a)
\pgfnodepartlowerbox=\box85
\pgfnodeparttwobox=\box86
\pgfnodepartthreebox=\box87
\pgfnodepartfourbox=\box88
\pgfnodeparttwentybox=\box89
\pgfnodepartnineteenbox=\box90
\pgfnodeparteighteenbox=\box91
\pgfnodepartseventeenbox=\box92
\pgfnodepartsixteenbox=\box93
\pgfnodepartfifteenbox=\box94
\pgfnodepartfourteenbox=\box95
\pgfnodepartthirteenbox=\box96
\pgfnodeparttwelvebox=\box97
\pgfnodepartelevenbox=\box98
\pgfnodeparttenbox=\box99
\pgfnodepartninebox=\box100
\pgfnodeparteightbox=\box101
\pgfnodepartsevenbox=\box102
\pgfnodepartsixbox=\box103
\pgfnodepartfivebox=\box104
))) (c:/Users/mavtc/AppData/Roaming/TinyTeX/texmf-dist/tex/generic/pgf/frontendlayer/tikz/libraries/tikzlibraryfit.code.tex
File: tikzlibraryfit.code.tex 2025-08-29 v3.1.11a (3.1.11a)
) (c:/Users/mavtc/AppData/Roaming/TinyTeX/texmf-dist/tex/generic/pgf/frontendlayer/tikz/libraries/tikzlibrarybackgrounds.code.tex
File: tikzlibrarybackgrounds.code.tex 2025-08-29 v3.1.11a (3.1.11a)
\pgf@layerbox@background=\box105
\pgf@layerboxsaved@background=\box106
) (c:/Users/mavtc/AppData/Roaming/TinyTeX/texmf-dist/tex/latex/siunitx/siunitx.sty
Package: siunitx 2025-07-09 v3.4.14 A comprehensive (SI) units package
\l__siunitx_number_uncert_offset_int=\count374
\l__siunitx_number_exponent_fixed_int=\count375
\l__siunitx_number_min_decimal_int=\count376
\l__siunitx_number_min_integer_int=\count377
\l__siunitx_number_round_precision_int=\count378
\l__siunitx_number_lower_threshold_int=\count379
\l__siunitx_number_upper_threshold_int=\count380
\l__siunitx_number_group_first_int=\count381
\l__siunitx_number_group_size_int=\count382
\l__siunitx_number_group_minimum_int=\count383
\l__siunitx_angle_tmp_dim=\dimen336
\l__siunitx_angle_marker_box=\box107
\l__siunitx_angle_unit_box=\box108
\l__siunitx_compound_count_int=\count384
\l__siunitx_table_tmp_box=\box109
\l__siunitx_table_tmp_dim=\dimen337
\l__siunitx_table_column_width_dim=\dimen338
\l__siunitx_table_integer_box=\box110
\l__siunitx_table_decimal_box=\box111
\l__siunitx_table_uncert_box=\box112
\l__siunitx_table_before_box=\box113
\l__siunitx_table_after_box=\box114
\l__siunitx_table_before_dim=\dimen339
\l__siunitx_table_carry_dim=\dimen340
\l__siunitx_unit_tmp_int=\count385
\l__siunitx_unit_position_int=\count386
\l__siunitx_unit_total_int=\count387
) (c:/Users/mavtc/AppData/Roaming/TinyTeX/texmf-dist/tex/latex/l3backend/l3backend-pdftex.def
File: l3backend-pdftex.def 2025-10-09 L3 backend support: PDF output (pdfTeX)
\l__color_backend_stack_int=\count388
) (./apresentacao_casamento_infantil.aux)
\openout1 = `apresentacao_casamento_infantil.aux'.

LaTeX Font Info:    Checking defaults for OML/cmm/m/it on input line 37.
LaTeX Font Info:    ... okay on input line 37.
LaTeX Font Info:    Checking defaults for OMS/cmsy/m/n on input line 37.
LaTeX Font Info:    ... okay on input line 37.
LaTeX Font Info:    Checking defaults for OT1/cmr/m/n on input line 37.
LaTeX Font Info:    ... okay on input line 37.
LaTeX Font Info:    Checking defaults for T1/cmr/m/n on input line 37.
LaTeX Font Info:    ... okay on input line 37.
LaTeX Font Info:    Checking defaults for TS1/cmr/m/n on input line 37.
LaTeX Font Info:    ... okay on input line 37.
LaTeX Font Info:    Checking defaults for OMX/cmex/m/n on input line 37.
LaTeX Font Info:    ... okay on input line 37.
LaTeX Font Info:    Checking defaults for U/cmr/m/n on input line 37.
LaTeX Font Info:    ... okay on input line 37.
LaTeX Font Info:    Checking defaults for PD1/pdf/m/n on input line 37.
LaTeX Font Info:    ... okay on input line 37.
LaTeX Font Info:    Checking defaults for PU/pdf/m/n on input line 37.
LaTeX Font Info:    ... okay on input line 37.

*geometry* driver: auto-detecting
*geometry* detected driver: pdftex
*geometry* verbose mode - [ preamble ] result:
* driver: pdftex
* paper: custom
* layout: <same size as paper>
* layoutoffset:(h,v)=(0.0pt,0.0pt)
* modes: includehead includefoot 
* h-part:(L,W,R)=(10.00002pt, 435.24405pt, 10.00002pt)
* v-part:(T,H,B)=(0.0pt, 256.0748pt, 0.0pt)
* \paperwidth=455.24408pt
* \paperheight=256.0748pt
* \textwidth=435.24405pt
* \textheight=227.62207pt
* \oddsidemargin=-62.26997pt
* \evensidemargin=-62.26997pt
* \topmargin=-72.26999pt
* \headheight=14.22636pt
* \headsep=0.0pt
* \topskip=10.0pt
* \footskip=14.22636pt
* \marginparwidth=3.0pt
* \marginparsep=11.0pt
* \columnsep=10.0pt
* \skip\footins=9.0pt plus 4.0pt minus 2.0pt
* \hoffset=0.0pt
* \voffset=0.0pt
* \mag=1000
* \@twocolumnfalse
* \@twosidefalse
* \@mparswitchfalse
* \@reversemarginfalse
* (1in=72.27pt=25.4mm, 1cm=28.453pt)

(c:/Users/mavtc/AppData/Roaming/TinyTeX/texmf-dist/tex/latex/epstopdf-pkg/epstopdf-base.sty
Package: epstopdf-base 2020-01-24 v2.11 Base part for package epstopdf
Package epstopdf-base Info: Redefining graphics rule for `.eps' on input line 485.
 (c:/Users/mavtc/AppData/Roaming/TinyTeX/texmf-dist/tex/latex/latexconfig/epstopdf-sys.cfg
File: epstopdf-sys.cfg 2010/07/13 v1.3 Configuration of (r)epstopdf for TeX Live
))
Package hyperref Info: Link coloring OFF on input line 37.
 (./apresentacao_casamento_infantil.out) (./apresentacao_casamento_infantil.out)
\@outlinefile=\write5
\openout5 = `apresentacao_casamento_infantil.out'.

LaTeX Font Info:    Overwriting symbol font `operators' in version `normal'
(Font)                  OT1/cmr/m/n --> OT1/cmss/m/n on input line 37.
LaTeX Font Info:    Overwriting symbol font `operators' in version `bold'
(Font)                  OT1/cmr/bx/n --> OT1/cmss/b/n on input line 37.
\symnumbers=\mathgroup6
\sympureletters=\mathgroup7
LaTeX Font Info:    Overwriting math alphabet `\mathrm' in version `normal'
(Font)                  OT1/cmss/m/n --> T1/cmr/m/n on input line 37.
LaTeX Font Info:    Redeclaring math alphabet \mathbf on input line 37.
LaTeX Font Info:    Overwriting math alphabet `\mathbf' in version `normal'
(Font)                  OT1/cmr/bx/n --> T1/cmss/b/n on input line 37.
LaTeX Font Info:    Overwriting math alphabet `\mathbf' in version `bold'
(Font)                  OT1/cmr/bx/n --> T1/cmss/b/n on input line 37.
LaTeX Font Info:    Redeclaring math alphabet \mathsf on input line 37.
LaTeX Font Info:    Overwriting math alphabet `\mathsf' in version `normal'
(Font)                  OT1/cmss/m/n --> T1/cmss/m/n on input line 37.
LaTeX Font Info:    Overwriting math alphabet `\mathsf' in version `bold'
(Font)                  OT1/cmss/bx/n --> T1/cmss/m/n on input line 37.
LaTeX Font Info:    Redeclaring math alphabet \mathit on input line 37.
LaTeX Font Info:    Overwriting math alphabet `\mathit' in version `normal'
(Font)                  OT1/cmr/m/it --> T1/cmss/m/it on input line 37.
LaTeX Font Info:    Overwriting math alphabet `\mathit' in version `bold'
(Font)                  OT1/cmr/bx/it --> T1/cmss/m/it on input line 37.
LaTeX Font Info:    Redeclaring math alphabet \mathtt on input line 37.
LaTeX Font Info:    Overwriting math alphabet `\mathtt' in version `normal'
(Font)                  OT1/cmtt/m/n --> T1/cmtt/m/n on input line 37.
LaTeX Font Info:    Overwriting math alphabet `\mathtt' in version `bold'
(Font)                  OT1/cmtt/m/n --> T1/cmtt/m/n on input line 37.
LaTeX Font Info:    Overwriting symbol font `numbers' in version `bold'
(Font)                  T1/cmss/m/n --> T1/cmss/b/n on input line 37.
LaTeX Font Info:    Overwriting symbol font `pureletters' in version `bold'
(Font)                  T1/cmss/m/it --> T1/cmss/b/it on input line 37.
LaTeX Font Info:    Overwriting math alphabet `\mathrm' in version `bold'
(Font)                  OT1/cmss/b/n --> T1/cmr/b/n on input line 37.
LaTeX Font Info:    Overwriting math alphabet `\mathbf' in version `bold'
(Font)                  T1/cmss/b/n --> T1/cmss/b/n on input line 37.
LaTeX Font Info:    Overwriting math alphabet `\mathsf' in version `bold'
(Font)                  T1/cmss/m/n --> T1/cmss/b/n on input line 37.
LaTeX Font Info:    Overwriting math alphabet `\mathit' in version `bold'
(Font)                  T1/cmss/m/it --> T1/cmss/b/it on input line 37.
LaTeX Font Info:    Overwriting math alphabet `\mathtt' in version `bold'
(Font)                  T1/cmtt/m/n --> T1/cmtt/b/n on input line 37.
 (c:/Users/mavtc/AppData/Roaming/TinyTeX/texmf-dist/tex/latex/translator/translator-basic-dictionary-English.dict
Dictionary: translator-basic-dictionary, Language: English 
) (c:/Users/mavtc/AppData/Roaming/TinyTeX/texmf-dist/tex/latex/translator/translator-bibliography-dictionary-English.dict
Dictionary: translator-bibliography-dictionary, Language: English 
) (c:/Users/mavtc/AppData/Roaming/TinyTeX/texmf-dist/tex/latex/translator/translator-environment-dictionary-English.dict
Dictionary: translator-environment-dictionary, Language: English 
) (c:/Users/mavtc/AppData/Roaming/TinyTeX/texmf-dist/tex/latex/translator/translator-months-dictionary-English.dict
Dictionary: translator-months-dictionary, Language: English 
) (c:/Users/mavtc/AppData/Roaming/TinyTeX/texmf-dist/tex/latex/translator/translator-numbers-dictionary-English.dict
Dictionary: translator-numbers-dictionary, Language: English 
) (c:/Users/mavtc/AppData/Roaming/TinyTeX/texmf-dist/tex/latex/translator/translator-theorem-dictionary-English.dict
Dictionary: translator-theorem-dictionary, Language: English 
) (./apresentacao_casamento_infantil.nav)
Overfull \hbox (21.8071pt too wide) in paragraph at lines 37--37
 [][]  \T1/cmss/m/n/5 ([])  
 []


Overfull \hbox (21.8071pt too wide) in paragraph at lines 42--42
 [][]  \T1/cmss/m/n/5 ([])  
 []


Overfull \hbox (21.8071pt too wide) has occurred while \output is active
 [][]  \T1/cmss/m/n/5 ([])  
 []

[1

{c:/Users/mavtc/AppData/Roaming/TinyTeX/texmf-var/fonts/map/pdftex/updmap/pdftex.map}]
Overfull \hbox (21.8071pt too wide) in paragraph at lines 63--63
 [][]  \T1/cmss/m/n/5 ([])  
 []

<../output/plot1_law_pre2019.pdf, id=94, 722.7pt x 361.35pt>
File: ../output/plot1_law_pre2019.pdf Graphic file (type pdf)
<use ../output/plot1_law_pre2019.pdf>
Package pdftex.def Info: ../output/plot1_law_pre2019.pdf  used on input line 63.
(pdftex.def)             Requested size: 435.24405pt x 217.6222pt.

Overfull \vbox (80.8539pt too high) detected at line 63
 []


Overfull \hbox (21.8071pt too wide) has occurred while \output is active
 [][]  \T1/cmss/m/n/5 ([])  
 []

[2

 <../output/plot1_law_pre2019.pdf>]
Overfull \hbox (21.8071pt too wide) in paragraph at lines 79--79
 [][]  \T1/cmss/m/n/5 ([])  
 []

<../output/plot2_cdf_formal_pre2019.pdf, id=126, 722.7pt x 361.35pt>
File: ../output/plot2_cdf_formal_pre2019.pdf Graphic file (type pdf)
<use ../output/plot2_cdf_formal_pre2019.pdf>
Package pdftex.def Info: ../output/plot2_cdf_formal_pre2019.pdf  used on input line 79.
(pdftex.def)             Requested size: 435.24405pt x 217.6222pt.

Overfull \vbox (78.37878pt too high) detected at line 79
 []


Overfull \hbox (21.8071pt too wide) has occurred while \output is active
 [][]  \T1/cmss/m/n/5 ([])  
 []

[3

 <../output/plot2_cdf_formal_pre2019.pdf>]
Overfull \hbox (21.8071pt too wide) in paragraph at lines 95--95
 [][]  \T1/cmss/m/n/5 ([])  
 []

<../output/plot3_law_post2019.pdf, id=156, 722.7pt x 361.35pt>
File: ../output/plot3_law_post2019.pdf Graphic file (type pdf)
<use ../output/plot3_law_post2019.pdf>
Package pdftex.def Info: ../output/plot3_law_post2019.pdf  used on input line 95.
(pdftex.def)             Requested size: 435.24405pt x 217.6222pt.

Overfull \vbox (80.8539pt too high) detected at line 95
 []


Overfull \hbox (21.8071pt too wide) has occurred while \output is active
 [][]  \T1/cmss/m/n/5 ([])  
 []

[4

 <../output/plot3_law_post2019.pdf>]
Overfull \hbox (21.8071pt too wide) in paragraph at lines 112--112
 [][]  \T1/cmss/m/n/5 ([])  
 []

<../output/plot4_cdf_formal_post2019.pdf, id=187, 722.7pt x 361.35pt>
File: ../output/plot4_cdf_formal_post2019.pdf Graphic file (type pdf)
<use ../output/plot4_cdf_formal_post2019.pdf>
Package pdftex.def Info: ../output/plot4_cdf_formal_post2019.pdf  used on input line 112.
(pdftex.def)             Requested size: 435.24405pt x 217.6222pt.

Overfull \vbox (79.93745pt too high) detected at line 112
 []


Overfull \hbox (21.8071pt too wide) has occurred while \output is active
 [][]  \T1/cmss/m/n/5 ([])  
 []

[5

 <../output/plot4_cdf_formal_post2019.pdf>]
Overfull \hbox (21.8071pt too wide) in paragraph at lines 130--130
 [][]  \T1/cmss/m/n/5 ([])  
 []

<../output/plot5_cdf_informal_comparison.pdf, id=219, 722.7pt x 361.35pt>
File: ../output/plot5_cdf_informal_comparison.pdf Graphic file (type pdf)
<use ../output/plot5_cdf_informal_comparison.pdf>
Package pdftex.def Info: ../output/plot5_cdf_informal_comparison.pdf  used on input line 130.
(pdftex.def)             Requested size: 435.24405pt x 217.6222pt.

Overfull \vbox (80.12836pt too high) detected at line 130
 []


Overfull \hbox (21.8071pt too wide) has occurred while \output is active
 [][]  \T1/cmss/m/n/5 ([])  
 []

[6

 <../output/plot5_cdf_informal_comparison.pdf>]
Overfull \hbox (21.8071pt too wide) in paragraph at lines 135--135
 [][]  \T1/cmss/m/n/5 ([])  
 []

(./apresentacao_casamento_infantil.toc
LaTeX Font Info:    Trying to load font information for U+msa on input line 5.
 (c:/Users/mavtc/AppData/Roaming/TinyTeX/texmf-dist/tex/latex/amsfonts/umsa.fd
File: umsa.fd 2013/01/14 v3.01 AMS symbols A
)
LaTeX Font Info:    Trying to load font information for U+msb on input line 5.
 (c:/Users/mavtc/AppData/Roaming/TinyTeX/texmf-dist/tex/latex/amsfonts/umsb.fd
File: umsb.fd 2013/01/14 v3.01 AMS symbols B
))
Overfull \hbox (21.8071pt too wide) has occurred while \output is active
 [][]  \T1/cmss/m/n/5 ([])  
 []

[7

]
Overfull \hbox (21.8071pt too wide) in paragraph at lines 150--150
 [][]  \T1/cmss/m/n/5 ([])  
 []


Overfull \hbox (21.8071pt too wide) has occurred while \output is active
 [][]  \T1/cmss/m/n/5 ([])  
 []

[8

]
Overfull \hbox (21.8071pt too wide) in paragraph at lines 169--169
 [][]  \T1/cmss/m/n/5 ([])  
 []


Overfull \vbox (0.88985pt too high) detected at line 169
 []


Overfull \hbox (21.8071pt too wide) has occurred while \output is active
 [][]  \T1/cmss/m/n/5 ([])  
 []

[9

]
Overfull \hbox (21.8071pt too wide) in paragraph at lines 194--194
 [][]  \T1/cmss/m/n/5 ([])  
 []


Overfull \hbox (21.8071pt too wide) has occurred while \output is active
 [][]  \T1/cmss/m/n/5 ([])  
 []

[10

]
Overfull \hbox (21.8071pt too wide) in paragraph at lines 206--206
 [][]  \T1/cmss/m/n/5 ([])  
 []


LaTeX Font Warning: Font shape `T1/cmss/m/sc' in size <10> not available
(Font)              Font shape `T1/cmr/m/sc' tried instead on input line 206.


Overfull \hbox (21.8071pt too wide) has occurred while \output is active
 [][]  \T1/cmss/m/n/5 ([])  
 []

[11

]
Overfull \hbox (21.8071pt too wide) in paragraph at lines 237--237
 [][]  \T1/cmss/m/n/5 ([])  
 []


Overfull \hbox (21.8071pt too wide) has occurred while \output is active
 [][]  \T1/cmss/m/n/5 ([])  
 []

[12

]
Overfull \hbox (21.8071pt too wide) in paragraph at lines 251--251
 [][]  \T1/cmss/m/n/5 ([])  
 []


Overfull \hbox (21.8071pt too wide) has occurred while \output is active
 [][]  \T1/cmss/m/n/5 ([])  
 []

[13

]
Overfull \hbox (21.8071pt too wide) in paragraph at lines 277--277
 [][]  \T1/cmss/m/n/5 ([])  
 []


Underfull \hbox (badness 10000) in paragraph at lines 277--277
[]|\T1/cmss/m/n/9 Mississippi 1957 /
 []


Underfull \hbox (badness 6910) in paragraph at lines 277--277
[]|\T1/cmss/m/n/9 Bangladesh / OLG
 []


Overfull \vbox (7.09161pt too high) detected at line 277
 []


Overfull \hbox (21.8071pt too wide) has occurred while \output is active
 [][]  \T1/cmss/m/n/5 ([])  
 []

[14

]
Overfull \hbox (21.8071pt too wide) in paragraph at lines 299--299
 [][]  \T1/cmss/m/n/5 ([])  
 []


Underfull \hbox (badness 10000) in paragraph at lines 299--299
[]|\T1/cmss/m/n/9 Taylor & Fon-seca
 []


Underfull \hbox (badness 10000) in paragraph at lines 299--299
[]|\T1/cmss/m/n/9 Pará/Maranhăo /
 []


Underfull \hbox (badness 10000) in paragraph at lines 299--299
[]|\T1/cmss/m/n/9 Vasconcelos &
 []


Underfull \hbox (badness 10000) in paragraph at lines 299--299
[]|\T1/cmss/m/n/9 Vasconcelos &
 []


Underfull \hbox (badness 10000) in paragraph at lines 299--299
[]|\T1/cmss/m/n/9 Census + Reg-istro
 []


Overfull \hbox (21.8071pt too wide) has occurred while \output is active
 [][]  \T1/cmss/m/n/5 ([])  
 []

[15

]
Overfull \hbox (21.8071pt too wide) in paragraph at lines 320--320
 [][]  \T1/cmss/m/n/5 ([])  
 []


Overfull \hbox (21.8071pt too wide) has occurred while \output is active
 [][]  \T1/cmss/m/n/5 ([])  
 []

[16

]

Package hyperref Warning: Token not allowed in a PDF string (Unicode):
(hyperref)                removing `math shift' on input line 323.


Package hyperref Warning: Token not allowed in a PDF string (Unicode):
(hyperref)                removing `\times' on input line 323.


Package hyperref Warning: Token not allowed in a PDF string (Unicode):
(hyperref)                removing `math shift' on input line 323.


Overfull \hbox (21.8071pt too wide) in paragraph at lines 343--343
 [][]  \T1/cmss/m/n/5 ([])  
 []


Underfull \hbox (badness 2080) in paragraph at lines 343--343
\T1/cmss/m/n/9 Income pol-icy elim-i-nates mar-
 []


Underfull \hbox (badness 1024) in paragraph at lines 343--343
\T1/cmss/m/n/9 Income pol-icy has zero ef-fect.
 []


Overfull \hbox (21.8071pt too wide) has occurred while \output is active
 [][]  \T1/cmss/m/n/5 ([])  
 []

[17

]
Overfull \hbox (21.8071pt too wide) in paragraph at lines 360--360
 [][]  \T1/cmss/m/n/5 ([])  
 []


Overfull \hbox (21.8071pt too wide) has occurred while \output is active
 [][]  \T1/cmss/m/n/5 ([])  
 []

[18

]
Overfull \hbox (21.8071pt too wide) in paragraph at lines 373--373
 [][]  \T1/cmss/m/n/5 ([])  
 []


Overfull \hbox (21.8071pt too wide) has occurred while \output is active
 [][]  \T1/cmss/m/n/5 ([])  
 []

[19

]
Overfull \hbox (21.8071pt too wide) in paragraph at lines 395--395
 [][]  \T1/cmss/m/n/5 ([])  
 []


Overfull \hbox (21.8071pt too wide) has occurred while \output is active
 [][]  \T1/cmss/m/n/5 ([])  
 []

[20

]
Overfull \hbox (21.8071pt too wide) in paragraph at lines 410--410
 [][]  \T1/cmss/m/n/5 ([])  
 []


Overfull \hbox (21.8071pt too wide) has occurred while \output is active
 [][]  \T1/cmss/m/n/5 ([])  
 []

[21

]
Overfull \hbox (21.8071pt too wide) in paragraph at lines 434--434
 [][]  \T1/cmss/m/n/5 ([])  
 []


Overfull \hbox (21.8071pt too wide) has occurred while \output is active
 [][]  \T1/cmss/m/n/5 ([])  
 []

[22

]
Overfull \hbox (21.8071pt too wide) in paragraph at lines 450--450
 [][]  \T1/cmss/m/n/5 ([])  
 []


Overfull \hbox (21.8071pt too wide) has occurred while \output is active
 [][]  \T1/cmss/m/n/5 ([])  
 []

[23

]
Overfull \hbox (21.8071pt too wide) in paragraph at lines 465--465
 [][]  \T1/cmss/m/n/5 ([])  
 []


Overfull \hbox (21.8071pt too wide) has occurred while \output is active
 [][]  \T1/cmss/m/n/5 ([])  
 []

[24

]
Overfull \hbox (21.8071pt too wide) in paragraph at lines 486--486
 [][]  \T1/cmss/m/n/5 ([])  
 []

LaTeX Font Info:    Font shape `OT1/cmss/b/n' in size <10> not available
(Font)              Font shape `OT1/cmss/bx/n' tried instead on input line 486.
LaTeX Font Info:    Font shape `OT1/cmss/b/n' in size <7> not available
(Font)              Font shape `OT1/cmss/bx/n' tried instead on input line 486.
LaTeX Font Info:    Font shape `OT1/cmss/b/n' in size <5> not available
(Font)              Font shape `OT1/cmss/bx/n' tried instead on input line 486.

LaTeX Font Warning: Font shape `T1/cmss/b/n' undefined
(Font)              using `T1/cmss/m/n' instead on input line 486.


LaTeX Font Warning: Font shape `T1/cmss/b/it' undefined
(Font)              using `T1/cmss/b/n' instead on input line 486.


Overfull \hbox (21.8071pt too wide) has occurred while \output is active
 [][]  \T1/cmss/b/it/5 ([])  
 []

[25

]
Overfull \hbox (21.8071pt too wide) in paragraph at lines 500--500
 [][]  \T1/cmss/b/it/5 ([])  
 []


Overfull \hbox (21.8071pt too wide) has occurred while \output is active
 [][]  \T1/cmss/b/it/5 ([])  
 []

[26

]
Overfull \hbox (21.8071pt too wide) in paragraph at lines 516--516
 [][]  \T1/cmss/b/it/5 ([])  
 []


Overfull \hbox (21.8071pt too wide) has occurred while \output is active
 [][]  \T1/cmss/b/it/5 ([])  
 []

[27

]
Overfull \hbox (21.8071pt too wide) in paragraph at lines 540--540
 [][]  \T1/cmss/b/it/5 ([])  
 []


Overfull \hbox (21.8071pt too wide) has occurred while \output is active
 [][]  \T1/cmss/b/it/5 ([])  
 []

[28

]
Overfull \hbox (21.8071pt too wide) in paragraph at lines 555--555
 [][]  \T1/cmss/b/it/5 ([])  
 []


Overfull \hbox (21.8071pt too wide) has occurred while \output is active
 [][]  \T1/cmss/b/it/5 ([])  
 []

[29

]
Overfull \hbox (21.8071pt too wide) in paragraph at lines 575--575
 [][]  \T1/cmss/b/it/5 ([])  
 []


LaTeX Font Warning: Font shape `T1/cmss/m/sc' in size <9> not available
(Font)              Font shape `T1/cmr/m/sc' tried instead on input line 575.


Underfull \hbox (badness 10000) in paragraph at lines 575--575
[]|\T1/cmss/m/n/9 2012--present, quar-
 []


Underfull \hbox (badness 10000) in paragraph at lines 575--575
[]|[]\T1/cmr/m/sc/9 Censo 2010[] \T1/cmss/m/n/9 /
 []


Underfull \hbox (badness 6592) in paragraph at lines 575--575
[]|\T1/cmss/m/n/9 Spatial het-ero-gene-ity, tract-level norm in-dex,
 []


Underfull \hbox (badness 10000) in paragraph at lines 575--575
[]|[]\T1/cmr/m/sc/9 Registro Civil[]
 []


Underfull \hbox (badness 10000) in paragraph at lines 575--575
[]|[]\T1/cmr/m/sc/9 SINASC[] \T1/cmss/m/n/9 (DATA-
 []


Underfull \hbox (badness 10000) in paragraph at lines 575--575
[]|\T1/cmss/m/n/9 Monthly ad-min-is-tra-
 []


Overfull \hbox (21.8071pt too wide) has occurred while \output is active
 [][]  \T1/cmss/b/it/5 ([])  
 []

[30

]
Overfull \hbox (21.8071pt too wide) in paragraph at lines 587--587
 [][]  \T1/cmss/b/it/5 ([])  
 []


Overfull \hbox (21.8071pt too wide) has occurred while \output is active
 [][]  \T1/cmss/b/it/5 ([])  
 []

[31

]
Overfull \hbox (21.8071pt too wide) in paragraph at lines 600--600
 [][]  \T1/cmss/b/it/5 ([])  
 []


Overfull \hbox (21.8071pt too wide) has occurred while \output is active
 [][]  \T1/cmss/b/it/5 ([])  
 []

[32

]
Overfull \hbox (21.8071pt too wide) in paragraph at lines 616--616
 [][]  \T1/cmss/b/it/5 ([])  
 []


Overfull \hbox (21.8071pt too wide) has occurred while \output is active
 [][]  \T1/cmss/b/it/5 ([])  
 []

[33

]
Overfull \hbox (21.8071pt too wide) in paragraph at lines 626--626
 [][]  \T1/cmss/b/it/5 ([])  
 []


Overfull \hbox (21.8071pt too wide) has occurred while \output is active
 [][]  \T1/cmss/b/it/5 ([])  
 []

[34

]
Overfull \hbox (21.8071pt too wide) in paragraph at lines 638--638
 [][]  \T1/cmss/b/it/5 ([])  
 []


Overfull \hbox (21.8071pt too wide) has occurred while \output is active
 [][]  \T1/cmss/b/it/5 ([])  
 []

[35

] (./section_methods_results.tex
Overfull \hbox (21.8071pt too wide) in paragraph at lines 38--38
 [][]  \T1/cmss/b/it/5 ([])  
 []


Overfull \hbox (21.8071pt too wide) has occurred while \output is active
 [][]  \T1/cmss/b/it/5 ([])  
 []

[36

]
Overfull \hbox (21.8071pt too wide) in paragraph at lines 73--73
 [][]  \T1/cmss/b/it/5 ([])  
 []


Overfull \hbox (21.8071pt too wide) has occurred while \output is active
 [][]  \T1/cmss/b/it/5 ([])  
 []

[37

]
Overfull \hbox (21.8071pt too wide) in paragraph at lines 102--102
 [][]  \T1/cmss/b/it/5 ([])  
 []


Overfull \vbox (25.01952pt too high) detected at line 102
 []


Overfull \hbox (21.8071pt too wide) has occurred while \output is active
 [][]  \T1/cmss/b/it/5 ([])  
 []

[38

]
Overfull \hbox (21.8071pt too wide) in paragraph at lines 157--157
 [][]  \T1/cmss/b/it/5 ([])  
 []


Overfull \hbox (21.8071pt too wide) has occurred while \output is active
 [][]  \T1/cmss/b/it/5 ([])  
 []

[39

]
Overfull \hbox (21.8071pt too wide) in paragraph at lines 202--202
 [][]  \T1/cmss/b/it/5 ([])  
 []


Overfull \hbox (5.54422pt too wide) in paragraph at lines 202--202
 [][] 
 []

<../output/fig_eventstudy.pdf, id=640, 433.62pt x 252.945pt>
File: ../output/fig_eventstudy.pdf Graphic file (type pdf)
<use ../output/fig_eventstudy.pdf>
Package pdftex.def Info: ../output/fig_eventstudy.pdf  used on input line 202.
(pdftex.def)             Requested size: 235.02885pt x 137.1016pt.

Overfull \vbox (34.31549pt too high) detected at line 202
 []


Overfull \hbox (21.8071pt too wide) has occurred while \output is active
 [][]  \T1/cmss/b/it/5 ([])  
 []

[40

 <../output/fig_eventstudy.pdf>]
Overfull \hbox (21.8071pt too wide) in paragraph at lines 232--232
 [][]  \T1/cmss/b/it/5 ([])  
 []


Overfull \hbox (21.8071pt too wide) has occurred while \output is active
 [][]  \T1/cmss/b/it/5 ([])  
 []

[41

]
Overfull \hbox (21.8071pt too wide) in paragraph at lines 258--258
 [][]  \T1/cmss/b/it/5 ([])  
 []

<../output/fig_Ra.pdf, id=680, 397.485pt x 230.8625pt>
File: ../output/fig_Ra.pdf Graphic file (type pdf)
<use ../output/fig_Ra.pdf>
Package pdftex.def Info: ../output/fig_Ra.pdf  used on input line 258.
(pdftex.def)             Requested size: 208.91528pt x 121.342pt.
<../output/fig_sa.pdf, id=681, 397.485pt x 230.8625pt>
File: ../output/fig_sa.pdf Graphic file (type pdf)
<use ../output/fig_sa.pdf>
Package pdftex.def Info: ../output/fig_sa.pdf  used on input line 258.
(pdftex.def)             Requested size: 208.91528pt x 121.342pt.

Overfull \hbox (21.8071pt too wide) has occurred while \output is active
 [][]  \T1/cmss/b/it/5 ([])  
 []

[42

 <../output/fig_Ra.pdf> <../output/fig_sa.pdf>]
Overfull \hbox (21.8071pt too wide) in paragraph at lines 302--302
 [][]  \T1/cmss/b/it/5 ([])  
 []

<../output/fig_wDelta.pdf, id=701, 397.485pt x 230.8625pt>
File: ../output/fig_wDelta.pdf Graphic file (type pdf)
<use ../output/fig_wDelta.pdf>
Package pdftex.def Info: ../output/fig_wDelta.pdf  used on input line 302.
(pdftex.def)             Requested size: 208.91528pt x 121.342pt.

Overfull \hbox (21.8071pt too wide) has occurred while \output is active
 [][]  \T1/cmss/b/it/5 ([])  
 []

[43

 <../output/fig_wDelta.pdf>]
Overfull \hbox (21.8071pt too wide) in paragraph at lines 341--341
 [][]  \T1/cmss/b/it/5 ([])  
 []


Overfull \hbox (21.8071pt too wide) has occurred while \output is active
 [][]  \T1/cmss/b/it/5 ([])  
 []

[44

])
Overfull \hbox (21.8071pt too wide) in paragraph at lines 668--668
 [][]  \T1/cmss/b/it/5 ([])  
 []


Overfull \hbox (21.8071pt too wide) has occurred while \output is active
 [][]  \T1/cmss/b/it/5 ([])  
 []

[45

 <c:/Users/mavtc/AppData/Roaming/TinyTeX/texmf-dist/tex/latex/beamer/beamericonarticle.pdf>]
Overfull \hbox (21.8071pt too wide) has occurred while \output is active
 [][]  \T1/cmss/b/it/5 ([])  
 []

[46


]
Overfull \hbox (21.8071pt too wide) in paragraph at lines 686--686
 [][]  \T1/cmss/b/it/5 ([])  
 []


Overfull \hbox (21.8071pt too wide) has occurred while \output is active
 [][]  \T1/cmss/b/it/5 ([])  
 []

[47

]
Overfull \hbox (21.8071pt too wide) has occurred while \output is active
 [][]  \T1/cmss/b/it/5 ([])  
 []

[48


]
Overfull \hbox (21.8071pt too wide) in paragraph at lines 695--695
 [][]  \T1/cmss/b/it/5 ([])  
 []


Overfull \hbox (21.8071pt too wide) has occurred while \output is active
 [][]  \T1/cmss/b/it/5 ([])  
 []

[49

]
\tf@nav=\write6
\openout6 = `apresentacao_casamento_infantil.nav'.

\tf@toc=\write7
\openout7 = `apresentacao_casamento_infantil.toc'.

\tf@snm=\write8
\openout8 = `apresentacao_casamento_infantil.snm'.

 (./apresentacao_casamento_infantil.aux)
 ***********
LaTeX2e <2025-11-01>
L3 programming layer <2026-01-19>
 ***********


LaTeX Font Warning: Some font shapes were not available, defaults substituted.

Package rerunfilecheck Info: File `apresentacao_casamento_infantil.out' has not changed.
(rerunfilecheck)             Checksum: 67C009F278E43ED3C8BA7A26E2466576;1843.
 ) 
Here is how much of TeX's memory you used:
 31825 strings out of 469454
 696411 string characters out of 5466081
 1069531 words of memory out of 5000000
 59759 multiletter control sequences out of 15000+600000
 656698 words of font info for 107 fonts, out of 8000000 for 9000
 36 hyphenation exceptions out of 8191
 101i,16n,107p,406b,1044s stack positions out of 10000i,1000n,20000p,200000b,200000s
 <c:/Users/mavtc/AppData/Roaming/TinyTeX/texmf-var/fonts/pk/ljfour/jknappen/ec/ecss2488.600pk> <c:/Users/mavtc/AppData/Roaming/TinyTeX/texmf-var/fonts/pk/ljfour/jknappen/ec/ectt0900.600pk> <c:/Users/mavtc/AppData/Roaming/TinyTeX/texmf-var/fonts/pk/ljfour/jknappen/ec/ecsi1440.600pk> <c:/Users/mavtc/AppData/Roaming/TinyTeX/texmf-var/fonts/pk/ljfour/jknappen/ec/ecsi0800.600pk> <c:/Users/mavtc/AppData/Roaming/TinyTeX/texmf-var/fonts/pk/ljfour/jknappen/ec/ecss0800.600pk> <c:/Users/mavtc/AppData/Roaming/TinyTeX/texmf-var/fonts/pk/ljfour/jknappen/ec/ecsi0500.600pk> <c:/Users/mavtc/AppData/Roaming/TinyTeX/texmf-var/fonts/pk/ljfour/jknappen/ec/ecss0600.600pk> <c:/Users/mavtc/AppData/Roaming/TinyTeX/texmf-var/fonts/pk/ljfour/jknappen/ec/eccc0900.600pk> <c:/Users/mavtc/AppData/Roaming/TinyTeX/texmf-var/fonts/pk/ljfour/jknappen/ec/ecso1000.600pk> <c:/Users/mavtc/AppData/Roaming/TinyTeX/texmf-var/fonts/pk/ljfour/jknappen/ec/ecsi0600.600pk> <c:/Users/mavtc/AppData/Roaming/TinyTeX/texmf-var/fonts/pk/ljfour/jknappen/ec/ecsi0700.600pk> <c:/Users/mavtc/AppData/Roaming/TinyTeX/texmf-var/fonts/pk/ljfour/jknappen/ec/eccc1000.600pk> <c:/Users/mavtc/AppData/Roaming/TinyTeX/texmf-var/fonts/pk/ljfour/jknappen/ec/ecsi1000.600pk> <c:/Users/mavtc/AppData/Roaming/TinyTeX/texmf-var/fonts/pk/ljfour/jknappen/ec/ecsx1000.600pk> <c:/Users/mavtc/AppData/Roaming/TinyTeX/texmf-var/fonts/pk/ljfour/jknappen/ec/ecsx0900.600pk> <c:/Users/mavtc/AppData/Roaming/TinyTeX/texmf-var/fonts/pk/ljfour/jknappen/ec/ecsi0900.600pk> <c:/Users/mavtc/AppData/Roaming/TinyTeX/texmf-var/fonts/pk/ljfour/jknappen/ec/ecss0900.600pk> <c:/Users/mavtc/AppData/Roaming/TinyTeX/texmf-var/fonts/pk/ljfour/jknappen/ec/ecss1200.600pk> <c:/Users/mavtc/AppData/Roaming/TinyTeX/texmf-var/fonts/pk/ljfour/jknappen/ec/ecss0500.600pk> <c:/Users/mavtc/AppData/Roaming/TinyTeX/texmf-var/fonts/pk/ljfour/jknappen/ec/ecss0700.600pk> <c:/Users/mavtc/AppData/Roaming/TinyTeX/texmf-var/fonts/pk/ljfour/jknappen/ec/ecss1000.600pk> <c:/Users/mavtc/AppData/Roaming/TinyTeX/texmf-var/fonts/pk/ljfour/jknappen/ec/ecss1440.600pk><c:/Users/mavtc/AppData/Roaming/TinyTeX/texmf-dist/fonts/type1/public/amsfonts/cm/cmex10.pfb><c:/Users/mavtc/AppData/Roaming/TinyTeX/texmf-dist/fonts/type1/public/amsfonts/cm/cmmi10.pfb><c:/Users/mavtc/AppData/Roaming/TinyTeX/texmf-dist/fonts/type1/public/amsfonts/cm/cmmi12.pfb><c:/Users/mavtc/AppData/Roaming/TinyTeX/texmf-dist/fonts/type1/public/amsfonts/cm/cmmi7.pfb><c:/Users/mavtc/AppData/Roaming/TinyTeX/texmf-dist/fonts/type1/public/amsfonts/cm/cmmi8.pfb><c:/Users/mavtc/AppData/Roaming/TinyTeX/texmf-dist/fonts/type1/public/amsfonts/cm/cmmi9.pfb><c:/Users/mavtc/AppData/Roaming/TinyTeX/texmf-dist/fonts/type1/public/amsfonts/cm/cmmib10.pfb><c:/Users/mavtc/AppData/Roaming/TinyTeX/texmf-dist/fonts/type1/public/amsfonts/cm/cmss10.pfb><c:/Users/mavtc/AppData/Roaming/TinyTeX/texmf-dist/fonts/type1/public/amsfonts/cm/cmss12.pfb><c:/Users/mavtc/AppData/Roaming/TinyTeX/texmf-dist/fonts/type1/public/amsfonts/cm/cmss8.pfb><c:/Users/mavtc/AppData/Roaming/TinyTeX/texmf-dist/fonts/type1/public/amsfonts/cm/cmss9.pfb><c:/Users/mavtc/AppData/Roaming/TinyTeX/texmf-dist/fonts/type1/public/amsfonts/cm/cmsy10.pfb><c:/Users/mavtc/AppData/Roaming/TinyTeX/texmf-dist/fonts/type1/public/amsfonts/cm/cmsy5.pfb><c:/Users/mavtc/AppData/Roaming/TinyTeX/texmf-dist/fonts/type1/public/amsfonts/cm/cmsy6.pfb><c:/Users/mavtc/AppData/Roaming/TinyTeX/texmf-dist/fonts/type1/public/amsfonts/cm/cmsy7.pfb><c:/Users/mavtc/AppData/Roaming/TinyTeX/texmf-dist/fonts/type1/public/amsfonts/cm/cmsy8.pfb><c:/Users/mavtc/AppData/Roaming/TinyTeX/texmf-dist/fonts/type1/public/amsfonts/cm/cmsy9.pfb><c:/Users/mavtc/AppData/Roaming/TinyTeX/texmf-dist/fonts/type1/public/amsfonts/symbols/msam10.pfb><c:/Users/mavtc/AppData/Roaming/TinyTeX/texmf-dist/fonts/type1/public/amsfonts/symbols/msbm10.pfb>
Output written on apresentacao_casamento_infantil.pdf (49 pages, 533994 bytes).
PDF statistics:
 1751 PDF objects out of 2073 (max. 8388607)
 706 compressed objects within 8 object streams
 138 named destinations out of 1000 (max. 500000)
 894 words of extra memory for PDF output out of 10000 (max. 10000000)

